\BOOKMARK [0][-]{section*.3}{\376\377\000I\000n\000t\000r\000o\000d\000u\000c\000t\000i\000o\000n}{}% 1
\BOOKMARK [1][-]{section*.4}{\376\377\000A\000b\000o\000u\000t\000\040\000T\000h\000e\000s\000e\000\040\000N\000o\000t\000e\000s}{section*.3}% 2
\BOOKMARK [1][-]{section*.5}{\376\377\000D\000o\000c\000u\000m\000e\000n\000t\000\040\000C\000o\000n\000v\000e\000n\000t\000i\000o\000n\000s}{section*.3}% 3
\BOOKMARK [0][-]{chapter.1}{\376\377\000F\000u\000n\000d\000a\000m\000e\000n\000t\000a\000l\000s\000\040\000\050\000l\000e\000c\000t\000u\000r\000e\000\040\0001\000-\0002\000\051}{}% 4
\BOOKMARK [1][-]{section.1.1}{\376\377\000N\000a\000t\000u\000r\000a\000l\000\040\000U\000n\000i\000t\000s}{chapter.1}% 5
\BOOKMARK [1][-]{section.1.2}{\376\377\0004\000-\000V\000e\000c\000t\000o\000r\000s\000\040\000a\000n\000d\000\040\000T\000e\000n\000s\000o\000r\000s}{chapter.1}% 6
\BOOKMARK [2][-]{subsection.1.2.1}{\376\377\0004\000-\000V\000e\000c\000t\000o\000r\000s}{section.1.2}% 7
\BOOKMARK [2][-]{subsection.1.2.2}{\376\377\000E\000i\000n\000s\000t\000e\000i\000n\000\040\000S\000u\000m\000m\000a\000t\000i\000o\000n\000\040\000C\000o\000n\000v\000e\000n\000t\000i\000o\000n}{section.1.2}% 8
\BOOKMARK [2][-]{subsection.1.2.3}{\376\377\000M\000e\000t\000r\000i\000c\000\040\000T\000e\000n\000s\000o\000r}{section.1.2}% 9
\BOOKMARK [2][-]{subsection.1.2.4}{\376\377\000T\000e\000n\000s\000o\000r\000s}{section.1.2}% 10
\BOOKMARK [2][-]{subsection.1.2.5}{\376\377\000E\000n\000e\000r\000g\000y\000-\000M\000o\000m\000e\000n\000t\000u\000m\000\040\000T\000e\000n\000s\000o\000r}{section.1.2}% 11
\BOOKMARK [1][-]{section.1.3}{\376\377\000E\000i\000n\000s\000t\000e\000i\000n\000\040\000F\000i\000e\000l\000d\000\040\000E\000q\000u\000a\000t\000i\000o\000n\000s}{chapter.1}% 12
\BOOKMARK [1][-]{section.1.4}{\376\377\000C\000o\000s\000m\000o\000l\000o\000g\000i\000c\000a\000l\000\040\000P\000r\000i\000n\000c\000i\000p\000l\000e}{chapter.1}% 13
\BOOKMARK [0][-]{chapter.2}{\376\377\000H\000u\000b\000b\000l\000e\000'\000s\000\040\000L\000a\000w\000\040\000a\000n\000d\000\040\000C\000o\000s\000m\000o\000l\000o\000g\000i\000c\000a\000l\000\040\000R\000e\000d\000s\000h\000i\000f\000t\000\040\000\050\000l\000e\000c\000t\000u\000r\000e\000\040\0003\000-\0004\000\051}{}% 14
\BOOKMARK [1][-]{section.2.1}{\376\377\000R\000o\000b\000e\000r\000t\000s\000o\000n\000-\000W\000a\000l\000k\000e\000r\000\040\000M\000e\000t\000r\000i\000c}{chapter.2}% 15
\BOOKMARK [2][-]{subsection.2.1.1}{\376\377\000M\000e\000t\000r\000i\000c\000\040\000f\000o\000r\000\040\000a\000\040\000H\000o\000m\000o\000g\000e\000n\000e\000o\000u\000s\000\040\000a\000n\000d\000\040\000I\000s\000o\000t\000r\000o\000p\000i\000c\000\040\000U\000n\000i\000v\000e\000r\000s\000e}{section.2.1}% 16
\BOOKMARK [2][-]{subsection.2.1.2}{\376\377\000R\000o\000b\000e\000r\000t\000s\000o\000n\000-\000W\000a\000l\000k\000e\000r\000\040\000m\000e\000t\000r\000i\000c}{section.2.1}% 17
\BOOKMARK [2][-]{subsection.2.1.3}{\376\377\000t\000h\000e\000\040\000S\000c\000a\000l\000e\000\040\000F\000a\000c\000t\000o\000r\000\040\000a\000\050\000t\000\051}{section.2.1}% 18
\BOOKMARK [1][-]{section.2.2}{\376\377\000H\000u\000b\000b\000l\000e\000'\000s\000\040\000L\000a\000w}{chapter.2}% 19
\BOOKMARK [2][-]{subsection.2.2.1}{\376\377\000R\000e\000d\000s\000h\000i\000f\000t\000\040\000a\000n\000d\000\040\000R\000e\000c\000e\000s\000s\000i\000o\000n\000\040\000V\000e\000l\000o\000c\000i\000t\000y}{section.2.2}% 20
\BOOKMARK [2][-]{subsection.2.2.2}{\376\377\000H\000u\000b\000b\000l\000e\000'\000s\000\040\000L\000a\000w}{section.2.2}% 21
\BOOKMARK [0][-]{chapter.3}{\376\377\000C\000o\000s\000m\000i\000c\000\040\000E\000v\000o\000l\000u\000t\000i\000o\000n\000\040\000\050\000L\000e\000c\000t\000u\000r\000e\000\040\0005\000-\0007\000\051}{}% 22
\BOOKMARK [1][-]{section.3.1}{\376\377\000D\000y\000n\000a\000m\000i\000c\000a\000l\000\040\000E\000q\000u\000a\000t\000i\000o\000n\000s}{chapter.3}% 23
\BOOKMARK [2][-]{subsection.3.1.1}{\376\377\0001\000s\000t\000\040\000F\000r\000i\000e\000d\000m\000a\000n\000n\000\040\000E\000q\000u\000a\000t\000i\000o\000n}{section.3.1}% 24
\BOOKMARK [2][-]{subsection.3.1.2}{\376\377\0002\000n\000d\000\040\000F\000r\000i\000e\000d\000m\000a\000n\000n\000\040\000E\000q\000u\000a\000t\000i\000o\000n}{section.3.1}% 25
\BOOKMARK [2][-]{subsection.3.1.3}{\376\377\000C\000o\000n\000t\000i\000n\000u\000i\000t\000y\000\040\000E\000q\000u\000a\000t\000i\000o\000n}{section.3.1}% 26
\BOOKMARK [1][-]{section.3.2}{\376\377\000C\000o\000s\000m\000o\000l\000o\000g\000i\000c\000a\000l\000\040\000c\000o\000n\000s\000t\000a\000n\000t}{chapter.3}% 27
\BOOKMARK [2][-]{subsection.3.2.1}{\376\377\000O\000r\000i\000g\000i\000n\000\040\000o\000f\000\040\000C\000o\000s\000m\000o\000l\000o\000g\000i\000c\000a\000l\000\040\000C\000o\000n\000s\000t\000a\000n\000t}{section.3.2}% 28
\BOOKMARK [2][-]{subsection.3.2.2}{\376\377\000F\000r\000i\000e\000d\000m\000a\000n\000n\000\040\000E\000q\000u\000a\000t\000i\000o\000n\000s\000\040\000w\000i\000t\000h\000\040\000C\000o\000s\000m\000o\000l\000o\000g\000i\000c\000a\000l\000\040\000C\000o\000n\000s\000t\000a\000n\000t}{section.3.2}% 29
\BOOKMARK [2][-]{subsection.3.2.3}{\376\377\000N\000e\000w\000t\000o\000n\000i\000a\000n\000\040\000G\000r\000a\000v\000i\000t\000y\000\040\000w\000i\000t\000h\000\040\000C\000o\000s\000m\000o\000l\000o\000g\000i\000c\000a\000l\000\040\000C\000o\000n\000s\000t\000a\000n\000t}{section.3.2}% 30
\BOOKMARK [1][-]{section.3.3}{\376\377\000E\000v\000o\000l\000u\000t\000i\000o\000n\000\040\000o\000f\000\040\000S\000c\000a\000l\000e\000\040\000F\000a\000c\000t\000o\000r}{chapter.3}% 31
\BOOKMARK [2][-]{subsection.3.3.1}{\376\377\000E\000q\000u\000a\000t\000i\000o\000n\000\040\000o\000f\000\040\000S\000t\000a\000t\000e\000\050\000E\000o\000S\000\051}{section.3.3}% 32
\BOOKMARK [2][-]{subsection.3.3.2}{\376\377\000E\000o\000S\000\040\000o\000f\000\040\000C\000o\000s\000m\000o\000l\000o\000g\000i\000c\000\040\000C\000o\000n\000s\000t\000a\000n\000t}{section.3.3}% 33
\BOOKMARK [2][-]{subsection.3.3.3}{\376\377\000S\000c\000a\000l\000e\000\040\000F\000a\000c\000t\000o\000r\000\040\000E\000q\000u\000a\000t\000i\000o\000n}{section.3.3}% 34
\BOOKMARK [1][-]{section.3.4}{\376\377\000S\000C\000D\000M\000\040\000a\000n\000d\000\040\000L\000a\000m\000b\000d\000a\000C\000D\000M\000\040\000M\000o\000d\000e\000l\000s}{chapter.3}% 35
\BOOKMARK [2][-]{subsection.3.4.1}{\376\377\000C\000r\000i\000t\000i\000c\000a\000l\000\040\000E\000n\000e\000r\000g\000y\000\040\000D\000e\000n\000s\000i\000t\000y\000\040\000a\000n\000d\000\040\000D\000e\000n\000s\000i\000t\000y\000\040\000P\000a\000r\000a\000m\000e\000t\000e\000r\000s}{section.3.4}% 36
\BOOKMARK [2][-]{subsection.3.4.2}{\376\377\000T\000o\000t\000a\000l\000\040\000E\000n\000e\000r\000g\000y\000\040\000D\000e\000n\000s\000i\000t\000y\000\040\000o\000f\000\040\000U\000n\000i\000v\000e\000r\000s\000e}{section.3.4}% 37
\BOOKMARK [1][-]{section.3.5}{\376\377\000D\000a\000r\000k\000\040\000E\000n\000e\000r\000g\000y\000\040\000a\000n\000d\000\040\000t\000h\000e\000\040\000A\000c\000c\000e\000l\000e\000r\000a\000t\000i\000n\000g\000\040\000U\000n\000i\000v\000e\000r\000s\000e}{chapter.3}% 38
\BOOKMARK [2][-]{subsection.3.5.1}{\376\377\000O\000b\000s\000e\000r\000v\000a\000t\000i\000o\000n\000a\000l\000\040\000E\000v\000i\000d\000e\000n\000c\000e\000\040\000f\000o\000r\000\040\000D\000a\000r\000k\000\040\000E\000n\000e\000r\000g\000y}{section.3.5}% 39
\BOOKMARK [2][-]{subsection.3.5.2}{\376\377\000D\000a\000r\000k\000\040\000E\000n\000e\000r\000g\000y\000\040\000M\000o\000d\000e\000l\000s}{section.3.5}% 40
\BOOKMARK [1][-]{section.3.6}{\376\377\000F\000a\000t\000e\000\040\000o\000f\000\040\000U\000n\000i\000v\000e\000r\000s\000e}{chapter.3}% 41
\BOOKMARK [0][-]{chapter.4}{\376\377\000T\000h\000e\000\040\000S\000t\000a\000n\000d\000a\000r\000d\000\040\000M\000o\000d\000e\000l\000\040\000\050\000L\000e\000c\000t\000u\000r\000e\000\040\0008\000\051}{}% 42
\BOOKMARK [1][-]{section.4.1}{\376\377\000T\000h\000e\000\040\000S\000t\000a\000n\000d\000a\000r\000d\000\040\000M\000o\000d\000e\000l\000\040\000o\000f\000\040\000P\000a\000r\000t\000i\000c\000l\000e\000\040\000P\000h\000y\000s\000i\000c\000s}{chapter.4}% 43
\BOOKMARK [1][-]{section.4.2}{\376\377\000H\000i\000g\000g\000s\000\040\000M\000e\000c\000h\000a\000n\000i\000s\000m\000\040\000a\000n\000d\000\040\000M\000a\000s\000s\000\040\000G\000e\000n\000e\000r\000a\000t\000i\000o\000n}{chapter.4}% 44
\BOOKMARK [1][-]{section.4.3}{\376\377\000S\000M\000,\000\040\000G\000U\000T\000,\000\040\000a\000n\000d\000\040\000T\000O\000E}{chapter.4}% 45
\BOOKMARK [0][-]{chapter.5}{\376\377\000T\000h\000e\000r\000m\000o\000d\000y\000n\000a\000m\000i\000c\000s\000\040\000a\000n\000d\000\040\000P\000r\000i\000m\000o\000r\000d\000i\000a\000l\000\040\000S\000o\000u\000p\000\040\000\050\000L\000e\000c\000t\000u\000r\000e\000\040\0009\000-\0001\0002\000\051}{}% 46
\BOOKMARK [1][-]{section.5.1}{\376\377\000S\000t\000a\000t\000i\000s\000t\000i\000c\000a\000l\000\040\000D\000i\000s\000t\000r\000i\000b\000u\000t\000i\000o\000n\000s}{chapter.5}% 47
\BOOKMARK [2][-]{subsection.5.1.1}{\376\377\000E\000n\000e\000r\000g\000y\000-\000M\000o\000m\000e\000n\000t\000u\000m\000\040\000R\000e\000l\000a\000t\000i\000o\000n}{section.5.1}% 48
\BOOKMARK [2][-]{subsection.5.1.2}{\376\377\000C\000h\000e\000m\000i\000c\000a\000l\000\040\000P\000o\000t\000e\000n\000t\000i\000a\000l}{section.5.1}% 49
\BOOKMARK [2][-]{subsection.5.1.3}{\376\377\000T\000h\000e\000r\000m\000a\000l\000\040\000E\000q\000u\000i\000l\000i\000b\000r\000i\000u\000m\000\040\000D\000i\000s\000t\000r\000i\000b\000u\000t\000i\000o\000n\000s}{section.5.1}% 50
\BOOKMARK [1][-]{section.5.2}{\376\377\000N\000u\000m\000b\000e\000r\000\040\000D\000e\000n\000s\000i\000t\000y\000,\000\040\000E\000n\000e\000r\000g\000y\000\040\000D\000e\000n\000s\000i\000t\000y\000,\000\040\000a\000n\000d\000\040\000P\000r\000e\000s\000s\000u\000r\000e}{chapter.5}% 51
\BOOKMARK [2][-]{subsection.5.2.1}{\376\377\000S\000p\000i\000n\000\040\000D\000e\000g\000e\000n\000e\000r\000a\000c\000y\000\040\000F\000a\000c\000t\000o\000r}{section.5.2}% 52
\BOOKMARK [2][-]{subsection.5.2.2}{\376\377\000D\000e\000r\000i\000v\000a\000t\000i\000o\000n\000\040\000o\000f\000\040\000t\000h\000e\000\040\0003\000\040\000e\000q\000u\000a\000t\000i\000o\000n\000s}{section.5.2}% 53
\BOOKMARK [1][-]{section.5.3}{\376\377\000E\000f\000f\000e\000c\000t\000i\000v\000e\000\040\000N\000u\000m\000b\000e\000r\000\040\000o\000f\000\040\000R\000e\000l\000a\000t\000i\000v\000i\000s\000t\000i\000c\000\040\000D\000O\000F}{chapter.5}% 54
\BOOKMARK [1][-]{section.5.4}{\376\377\000E\000n\000t\000r\000o\000p\000y}{chapter.5}% 55
\BOOKMARK [2][-]{subsection.5.4.1}{\376\377\000D\000e\000f\000i\000n\000i\000t\000i\000o\000n\000\040\000o\000f\000\040\000E\000n\000t\000r\000o\000p\000y}{section.5.4}% 56
\BOOKMARK [2][-]{subsection.5.4.2}{\376\377\000C\000o\000n\000s\000e\000r\000v\000a\000t\000i\000o\000n\000\040\000o\000f\000\040\000E\000n\000t\000r\000o\000p\000y}{section.5.4}% 57
\BOOKMARK [2][-]{subsection.5.4.3}{\376\377\000g\000*\000\040\000a\000n\000d\000\040\000g\000*\000s\000\040\000i\000n\000\040\000t\000h\000e\000\040\000e\000a\000r\000l\000y\000\040\000u\000n\000i\000v\000e\000r\000s\000e}{section.5.4}% 58
\BOOKMARK [1][-]{section.5.5}{\376\377\000D\000e\000c\000o\000u\000p\000l\000i\000n\000g\000\040\000o\000f\000\040\000P\000a\000r\000t\000i\000c\000l\000e\000s}{chapter.5}% 59
\BOOKMARK [2][-]{subsection.5.5.1}{\376\377\000A\000s\000y\000m\000p\000t\000o\000t\000i\000c\000\040\000F\000r\000e\000e\000d\000o\000m}{section.5.5}% 60
\BOOKMARK [2][-]{subsection.5.5.2}{\376\377\000D\000e\000c\000o\000u\000p\000l\000i\000n\000g}{section.5.5}% 61
\BOOKMARK [1][-]{section.5.6}{\376\377\000T\000h\000e\000r\000m\000a\000l\000\040\000H\000i\000s\000t\000o\000r\000y\000\040\000o\000f\000\040\000t\000h\000e\000\040\000U\000n\000i\000v\000e\000r\000s\000e}{chapter.5}% 62
\BOOKMARK [2][-]{subsection.5.6.1}{\376\377\000E\000l\000e\000c\000t\000r\000o\000w\000e\000a\000k\000\040\000P\000h\000a\000s\000e\000\040\000T\000r\000a\000n\000s\000i\000t\000i\000o\000n}{section.5.6}% 63
\BOOKMARK [2][-]{subsection.5.6.2}{\376\377\000Q\000C\000D\000\040\000P\000h\000a\000s\000e\000\040\000T\000r\000a\000n\000s\000i\000t\000i\000o\000n}{section.5.6}% 64
\BOOKMARK [2][-]{subsection.5.6.3}{\376\377\000N\000e\000u\000t\000r\000i\000n\000o\000\040\000D\000e\000c\000o\000u\000p\000l\000i\000n\000g}{section.5.6}% 65
\BOOKMARK [2][-]{subsection.5.6.4}{\376\377\000E\000l\000e\000c\000t\000r\000o\000n\000-\000P\000o\000s\000i\000t\000r\000o\000n\000\040\000A\000n\000n\000i\000h\000i\000l\000a\000t\000i\000o\000n}{section.5.6}% 66
\BOOKMARK [2][-]{subsection.5.6.5}{\376\377\000P\000h\000o\000t\000o\000n\000\040\000D\000e\000c\000o\000u\000p\000l\000i\000n\000g}{section.5.6}% 67
\BOOKMARK [2][-]{subsection.5.6.6}{\376\377\000D\000a\000r\000k\000\040\000M\000a\000t\000t\000e\000r\000\040\000F\000r\000e\000e\000z\000e\000-\000o\000u\000t}{section.5.6}% 68
\BOOKMARK [0][-]{chapter.6}{\376\377\000B\000i\000g\000\040\000B\000a\000n\000g\000\040\000N\000u\000c\000l\000e\000o\000s\000y\000n\000t\000h\000e\000s\000i\000s\000\050\000B\000B\000N\000\051\000\040\000\050\000L\000e\000c\000t\000u\000r\000e\000\040\0001\0003\000-\0001\0004\000\051}{}% 69
\BOOKMARK [1][-]{section.6.1}{\376\377\000E\000q\000u\000i\000l\000i\000b\000r\000i\000u\000m}{chapter.6}% 70
\BOOKMARK [2][-]{subsection.6.1.1}{\376\377\000b\000i\000n\000d\000i\000n\000g\000\040\000e\000n\000e\000r\000g\000y}{section.6.1}% 71
\BOOKMARK [2][-]{subsection.6.1.2}{\376\377\000n\000u\000m\000b\000e\000r\000\040\000d\000e\000n\000s\000i\000t\000y\000\040\000o\000f\000\040\000n\000u\000c\000l\000e\000i\000\040\000i\000n\000\040\000c\000h\000e\000m\000i\000c\000a\000l\000\040\000e\000q\000u\000i\000l\000i\000b\000r\000i\000u\000m}{section.6.1}% 72
\BOOKMARK [2][-]{subsection.6.1.3}{\376\377\000a\000b\000u\000n\000d\000a\000n\000c\000e\000\040\000o\000f\000\040\000n\000u\000c\000l\000e\000i\000\040\000i\000n\000\040\000c\000h\000e\000m\000i\000c\000a\000l\000\040\000e\000q\000u\000i\000l\000i\000b\000r\000i\000u\000m}{section.6.1}% 73
\BOOKMARK [1][-]{section.6.2}{\376\377\000B\000a\000r\000y\000o\000n\000-\000t\000o\000-\000p\000h\000o\000t\000o\000n\000\040\000r\000a\000t\000i\000o}{chapter.6}% 74
\BOOKMARK [1][-]{section.6.3}{\376\377\000N\000e\000u\000t\000r\000o\000n\000-\000t\000o\000-\000P\000r\000o\000t\000o\000n\000\040\000R\000a\000t\000i\000o}{chapter.6}% 75
\BOOKMARK [1][-]{section.6.4}{\376\377\000B\000B\000N\000\040\000p\000r\000o\000c\000e\000s\000s\000e\000s}{chapter.6}% 76
\BOOKMARK [2][-]{subsection.6.4.1}{\376\377\000D\000e\000u\000t\000e\000r\000i\000u\000m\000\040\000B\000o\000t\000t\000l\000e\000n\000e\000c\000k\000\040\000E\000f\000f\000e\000c\000t\000\040\000a\000n\000d\000\040\000S\000t\000a\000r\000t\000\040\000o\000f\000\040\000B\000B\000N}{section.6.4}% 77
\BOOKMARK [2][-]{subsection.6.4.2}{\376\377\000S\000h\000u\000t\000d\000o\000w\000n\000\040\000o\000f\000\040\000B\000B\000N}{section.6.4}% 78
\BOOKMARK [2][-]{subsection.6.4.3}{\376\377\000E\000v\000o\000l\000u\000t\000i\000o\000n\000\040\000o\000f\000\040\000E\000l\000e\000m\000e\000n\000t\000a\000l\000\040\000A\000b\000u\000n\000d\000a\000n\000c\000e\000s}{section.6.4}% 79
\BOOKMARK [0][-]{chapter.7}{\376\377\000P\000r\000a\000c\000t\000i\000c\000e\000\040\000Q\000u\000e\000s\000t\000i\000o\000n\000s\000\040\000\046\000\040\000S\000o\000l\000u\000t\000i\000o\000n\000s}{}% 80
\BOOKMARK [1][-]{section.7.1}{\376\377\000C\000h\000a\000p\000t\000e\000r\000\040\0001\000:\000\040\000F\000u\000n\000d\000a\000m\000e\000n\000t\000a\000l\000s}{chapter.7}% 81
\BOOKMARK [2][-]{subsection.7.1.1}{\376\377\000Q\000u\000e\000s\000t\000i\000o\000n\000s}{section.7.1}% 82
\BOOKMARK [2][-]{subsection.7.1.2}{\376\377\000S\000o\000l\000u\000t\000i\000o\000n\000s}{section.7.1}% 83
\BOOKMARK [1][-]{section.7.2}{\376\377\000C\000h\000a\000p\000t\000e\000r\000\040\0002\000:\000\040\000H\000u\000b\000b\000l\000e\000\040\000L\000a\000w\000\040\000\046\000\040\000C\000o\000s\000m\000o\000l\000o\000g\000i\000c\000a\000l\000\040\000R\000e\000d\000s\000h\000i\000f\000t}{chapter.7}% 84
\BOOKMARK [2][-]{subsection.7.2.1}{\376\377\000Q\000u\000e\000s\000t\000i\000o\000n\000s}{section.7.2}% 85
\BOOKMARK [2][-]{subsection.7.2.2}{\376\377\000S\000o\000l\000u\000t\000i\000o\000n\000s}{section.7.2}% 86
\BOOKMARK [1][-]{section.7.3}{\376\377\000C\000h\000a\000p\000t\000e\000r\000\040\0003\000:\000\040\000C\000o\000s\000m\000i\000c\000\040\000E\000v\000o\000l\000u\000t\000i\000o\000n}{chapter.7}% 87
\BOOKMARK [2][-]{subsection.7.3.1}{\376\377\000Q\000u\000e\000s\000t\000i\000o\000n\000s}{section.7.3}% 88
\BOOKMARK [2][-]{subsection.7.3.2}{\376\377\000S\000o\000l\000u\000t\000i\000o\000n\000s}{section.7.3}% 89
\BOOKMARK [1][-]{section.7.4}{\376\377\000C\000h\000a\000p\000t\000e\000r\000\040\0004\000:\000\040\000S\000t\000a\000n\000d\000a\000r\000d\000\040\000M\000o\000d\000e\000l}{chapter.7}% 90
\BOOKMARK [2][-]{subsection.7.4.1}{\376\377\000Q\000u\000e\000s\000t\000i\000o\000n\000s}{section.7.4}% 91
\BOOKMARK [2][-]{subsection.7.4.2}{\376\377\000S\000o\000l\000u\000t\000i\000o\000n\000s}{section.7.4}% 92
\BOOKMARK [1][-]{section.7.5}{\376\377\000C\000h\000a\000p\000t\000e\000r\000\040\0005\000:\000\040\000T\000h\000e\000r\000m\000o\000d\000y\000n\000a\000m\000i\000c\000s\000\040\000\046\000\040\000P\000r\000i\000m\000o\000r\000d\000i\000a\000l\000\040\000S\000o\000u\000p}{chapter.7}% 93
\BOOKMARK [2][-]{subsection.7.5.1}{\376\377\000Q\000u\000e\000s\000t\000i\000o\000n\000s}{section.7.5}% 94
\BOOKMARK [2][-]{subsection.7.5.2}{\376\377\000S\000o\000l\000u\000t\000i\000o\000n\000s}{section.7.5}% 95
\BOOKMARK [1][-]{section.7.6}{\376\377\000C\000h\000a\000p\000t\000e\000r\000\040\0006\000:\000\040\000B\000i\000g\000\040\000B\000a\000n\000g\000\040\000N\000u\000c\000l\000e\000o\000s\000y\000n\000t\000h\000e\000s\000i\000s}{chapter.7}% 96
\BOOKMARK [2][-]{subsection.7.6.1}{\376\377\000Q\000u\000e\000s\000t\000i\000o\000n\000s}{section.7.6}% 97
\BOOKMARK [2][-]{subsection.7.6.2}{\376\377\000S\000o\000l\000u\000t\000i\000o\000n\000s}{section.7.6}% 98
\BOOKMARK [0][-]{appendix.A}{\376\377\000D\000e\000c\000l\000a\000r\000a\000t\000i\000o\000n\000\040\000o\000f\000\040\000A\000I\000\040\000A\000s\000s\000i\000s\000t\000a\000n\000c\000e}{}% 99
\BOOKMARK [1][-]{section.A.1}{\376\377\000U\000s\000e\000\040\000o\000f\000\040\000A\000r\000t\000i\000f\000i\000c\000i\000a\000l\000\040\000I\000n\000t\000e\000l\000l\000i\000g\000e\000n\000c\000e\000\040\000i\000n\000\040\000T\000h\000i\000s\000\040\000D\000o\000c\000u\000m\000e\000n\000t}{appendix.A}% 100
\BOOKMARK [0][-]{appendix.B}{\376\377\000M\000a\000t\000h\000e\000m\000a\000t\000i\000c\000a\000l\000\040\000T\000o\000o\000l\000s\000\040\000\046\000\040\000D\000e\000r\000i\000v\000a\000t\000i\000o\000n\000s}{}% 101
\BOOKMARK [1][-]{section.B.1}{\376\377\000U\000s\000e\000f\000u\000l\000\040\000I\000d\000e\000n\000t\000i\000t\000i\000e\000s}{appendix.B}% 102
\BOOKMARK [1][-]{section.B.2}{\376\377\000D\000i\000f\000f\000e\000r\000e\000n\000t\000i\000a\000l\000\040\000G\000e\000o\000m\000e\000t\000r\000y\000\040\000P\000r\000i\000m\000e\000r}{appendix.B}% 103
\BOOKMARK [1][-]{section.B.3}{\376\377\000R\000e\000l\000a\000t\000i\000v\000i\000s\000t\000i\000c\000\040\000L\000i\000m\000i\000t\000s}{appendix.B}% 104
\BOOKMARK [0][-]{appendix.C}{\376\377\000C\000o\000n\000s\000t\000a\000n\000t\000s\000\040\000\046\000\040\000C\000o\000n\000v\000e\000r\000s\000i\000o\000n\000\040\000F\000a\000c\000t\000o\000r\000s}{}% 105
\BOOKMARK [1][-]{section.C.1}{\376\377\000P\000h\000y\000s\000i\000c\000a\000l\000\040\000C\000o\000n\000s\000t\000a\000n\000t\000s}{appendix.C}% 106
\BOOKMARK [1][-]{section.C.2}{\376\377\000C\000o\000n\000v\000e\000r\000s\000i\000o\000n\000\040\000F\000a\000c\000t\000o\000r\000s}{appendix.C}% 107
\BOOKMARK [1][-]{section.C.3}{\376\377\000S\000I\000\040\000U\000n\000i\000t\000\040\000P\000r\000e\000f\000i\000x\000e\000s}{appendix.C}% 108
\BOOKMARK [1][-]{section.C.4}{\376\377\000M\000a\000i\000n\000\040\000E\000v\000e\000n\000t\000s\000\040\000i\000n\000\040\000U\000n\000i\000v\000e\000r\000s\000e}{appendix.C}% 109
\BOOKMARK [1][-]{section.C.5}{\376\377\000N\000u\000c\000l\000e\000i\000\040\000B\000i\000n\000d\000i\000n\000g\000\040\000E\000n\000e\000r\000g\000i\000e\000s\000\040\000\046\000\040\000A\000t\000o\000m\000i\000c\000\040\000M\000a\000s\000s\000e\000s}{appendix.C}% 110
