\BOOKMARK [0][-]{chapter*.2}{\376\377\000I\000n\000t\000r\000o\000d\000u\000c\000t\000i\000o\000n}{}% 1
\BOOKMARK [1][-]{section*.3}{\376\377\000A\000b\000o\000u\000t\000\040\000T\000h\000e\000s\000e\000\040\000N\000o\000t\000e\000s}{chapter*.2}% 2
\BOOKMARK [1][-]{section*.3}{\376\377\000D\000o\000c\000u\000m\000e\000n\000t\000\040\000C\000o\000n\000v\000e\000n\000t\000i\000o\000n\000s}{chapter*.2}% 3
\BOOKMARK [0][-]{chapter.1}{\376\377\000T\000h\000e\000\040\000E\000x\000p\000a\000n\000d\000i\000n\000g\000\040\000U\000n\000i\000v\000e\000r\000s\000e}{}% 4
\BOOKMARK [1][-]{section.1.1}{\376\377\000H\000u\000b\000b\000l\000e\000'\000s\000\040\000D\000i\000s\000c\000o\000v\000e\000r\000y}{chapter.1}% 5
\BOOKMARK [2][-]{subsection.1.1.1}{\376\377\000P\000h\000y\000s\000i\000c\000s\000\040\000I\000n\000t\000u\000i\000t\000i\000o\000n}{section.1.1}% 6
\BOOKMARK [2][-]{subsection.1.1.2}{\376\377\000T\000h\000e\000o\000r\000y}{section.1.1}% 7
\BOOKMARK [2][-]{subsection.1.1.3}{\376\377\000Q\000u\000e\000s\000t\000i\000o\000n\000\040\000E\000x\000a\000m\000p\000l\000e\000s}{section.1.1}% 8
\BOOKMARK [2][-]{subsection.1.1.4}{\376\377\000E\000x\000t\000r\000a}{section.1.1}% 9
\BOOKMARK [1][-]{section.1.2}{\376\377\000T\000h\000e\000\040\000C\000o\000s\000m\000o\000l\000o\000g\000i\000c\000a\000l\000\040\000R\000e\000d\000s\000h\000i\000f\000t}{chapter.1}% 10
\BOOKMARK [2][-]{subsection.1.2.1}{\376\377\000P\000h\000y\000s\000i\000c\000s\000\040\000I\000n\000t\000u\000i\000t\000i\000o\000n}{section.1.2}% 11
\BOOKMARK [2][-]{subsection.1.2.2}{\376\377\000T\000h\000e\000o\000r\000y}{section.1.2}% 12
\BOOKMARK [2][-]{subsection.1.2.3}{\376\377\000Q\000u\000e\000s\000t\000i\000o\000n\000\040\000E\000x\000a\000m\000p\000l\000e\000s}{section.1.2}% 13
\BOOKMARK [2][-]{subsection.1.2.4}{\376\377\000E\000x\000t\000r\000a}{section.1.2}% 14
\BOOKMARK [0][-]{chapter.2}{\376\377\000F\000r\000i\000e\000d\000m\000a\000n\000n\000\040\000E\000q\000u\000a\000t\000i\000o\000n\000s\000\040\000\046\000\040\000C\000o\000s\000m\000o\000l\000o\000g\000i\000c\000a\000l\000\040\000D\000y\000n\000a\000m\000i\000c\000s}{}% 15
\BOOKMARK [1][-]{section.2.1}{\376\377\000T\000h\000e\000\040\000F\000L\000R\000W\000\040\000M\000e\000t\000r\000i\000c}{chapter.2}% 16
\BOOKMARK [2][-]{subsection.2.1.1}{\376\377\000P\000h\000y\000s\000i\000c\000s\000\040\000I\000n\000t\000u\000i\000t\000i\000o\000n}{section.2.1}% 17
\BOOKMARK [2][-]{subsection.2.1.2}{\376\377\000T\000h\000e\000o\000r\000y}{section.2.1}% 18
\BOOKMARK [2][-]{subsection.2.1.3}{\376\377\000Q\000u\000e\000s\000t\000i\000o\000n\000\040\000E\000x\000a\000m\000p\000l\000e\000s}{section.2.1}% 19
\BOOKMARK [2][-]{subsection.2.1.4}{\376\377\000E\000x\000t\000r\000a}{section.2.1}% 20
\BOOKMARK [1][-]{section.2.2}{\376\377\000T\000h\000e\000\040\000F\000r\000i\000e\000d\000m\000a\000n\000n\000\040\000E\000q\000u\000a\000t\000i\000o\000n\000s}{chapter.2}% 21
\BOOKMARK [2][-]{subsection.2.2.1}{\376\377\000P\000h\000y\000s\000i\000c\000s\000\040\000I\000n\000t\000u\000i\000t\000i\000o\000n}{section.2.2}% 22
\BOOKMARK [2][-]{subsection.2.2.2}{\376\377\000T\000h\000e\000o\000r\000y}{section.2.2}% 23
\BOOKMARK [2][-]{subsection.2.2.3}{\376\377\000Q\000u\000e\000s\000t\000i\000o\000n\000\040\000E\000x\000a\000m\000p\000l\000e\000s}{section.2.2}% 24
\BOOKMARK [2][-]{subsection.2.2.4}{\376\377\000E\000x\000t\000r\000a}{section.2.2}% 25
\BOOKMARK [0][-]{chapter.3}{\376\377\000E\000n\000e\000r\000g\000y\000\040\000B\000u\000d\000g\000e\000t\000\040\000i\000n\000\040\000t\000h\000e\000\040\000C\000D\000M\000\040\000M\000o\000d\000e\000l}{}% 26
\BOOKMARK [1][-]{section.3.1}{\376\377\000D\000e\000n\000s\000i\000t\000y\000\040\000P\000a\000r\000a\000m\000e\000t\000e\000r\000s\000\040\000\046\000\040\000C\000r\000i\000t\000i\000c\000a\000l\000\040\000D\000e\000n\000s\000i\000t\000y}{chapter.3}% 27
\BOOKMARK [2][-]{subsection.3.1.1}{\376\377\000P\000h\000y\000s\000i\000c\000s\000\040\000I\000n\000t\000u\000i\000t\000i\000o\000n}{section.3.1}% 28
\BOOKMARK [2][-]{subsection.3.1.2}{\376\377\000T\000h\000e\000o\000r\000y}{section.3.1}% 29
\BOOKMARK [2][-]{subsection.3.1.3}{\376\377\000Q\000u\000e\000s\000t\000i\000o\000n\000\040\000E\000x\000a\000m\000p\000l\000e\000s}{section.3.1}% 30
\BOOKMARK [2][-]{subsection.3.1.4}{\376\377\000E\000x\000t\000r\000a}{section.3.1}% 31
\BOOKMARK [1][-]{section.3.2}{\376\377\000T\000h\000e\000\040\000F\000l\000a\000t\000\040\000C\000D\000M\000\040\000M\000o\000d\000e\000l}{chapter.3}% 32
\BOOKMARK [2][-]{subsection.3.2.1}{\376\377\000P\000h\000y\000s\000i\000c\000s\000\040\000I\000n\000t\000u\000i\000t\000i\000o\000n}{section.3.2}% 33
\BOOKMARK [2][-]{subsection.3.2.2}{\376\377\000T\000h\000e\000o\000r\000y}{section.3.2}% 34
\BOOKMARK [2][-]{subsection.3.2.3}{\376\377\000Q\000u\000e\000s\000t\000i\000o\000n\000\040\000E\000x\000a\000m\000p\000l\000e\000s}{section.3.2}% 35
\BOOKMARK [2][-]{subsection.3.2.4}{\376\377\000E\000x\000t\000r\000a}{section.3.2}% 36
\BOOKMARK [1][-]{section.3.3}{\376\377\000E\000n\000e\000r\000g\000y\000\040\000B\000u\000d\000g\000e\000t\000\040\000E\000v\000o\000l\000u\000t\000i\000o\000n}{chapter.3}% 37
\BOOKMARK [2][-]{subsection.3.3.1}{\376\377\000V\000i\000s\000u\000a\000l\000i\000z\000i\000n\000g\000\040\000t\000h\000e\000\040\000E\000n\000e\000r\000g\000y\000\040\000D\000e\000n\000s\000i\000t\000y}{section.3.3}% 38
\BOOKMARK [0][-]{appendix.A}{\376\377\000D\000e\000c\000l\000a\000r\000a\000t\000i\000o\000n\000\040\000o\000f\000\040\000A\000I\000\040\000A\000s\000s\000i\000s\000t\000a\000n\000c\000e}{}% 39
\BOOKMARK [1][-]{section.A.1}{\376\377\000U\000s\000e\000\040\000o\000f\000\040\000A\000r\000t\000i\000f\000i\000c\000i\000a\000l\000\040\000I\000n\000t\000e\000l\000l\000i\000g\000e\000n\000c\000e\000\040\000i\000n\000\040\000T\000h\000i\000s\000\040\000D\000o\000c\000u\000m\000e\000n\000t}{appendix.A}% 40
\BOOKMARK [0][-]{appendix.B}{\376\377\000M\000a\000t\000h\000e\000m\000a\000t\000i\000c\000a\000l\000\040\000T\000o\000o\000l\000s\000\040\000\046\000\040\000D\000e\000r\000i\000v\000a\000t\000i\000o\000n\000s}{}% 41
\BOOKMARK [1][-]{section.B.1}{\376\377\000U\000s\000e\000f\000u\000l\000\040\000I\000d\000e\000n\000t\000i\000t\000i\000e\000s}{appendix.B}% 42
\BOOKMARK [1][-]{section.B.2}{\376\377\000D\000i\000f\000f\000e\000r\000e\000n\000t\000i\000a\000l\000\040\000G\000e\000o\000m\000e\000t\000r\000y\000\040\000P\000r\000i\000m\000e\000r}{appendix.B}% 43
\BOOKMARK [0][-]{appendix.C}{\376\377\000C\000o\000n\000s\000t\000a\000n\000t\000s\000\040\000\046\000\040\000C\000o\000n\000v\000e\000r\000s\000i\000o\000n\000\040\000F\000a\000c\000t\000o\000r\000s}{}% 44
\BOOKMARK [1][-]{section.C.1}{\376\377\000P\000h\000y\000s\000i\000c\000a\000l\000\040\000C\000o\000n\000s\000t\000a\000n\000t\000s}{appendix.C}% 45
\BOOKMARK [1][-]{section.C.2}{\376\377\000C\000o\000n\000v\000e\000r\000s\000i\000o\000n\000\040\000F\000a\000c\000t\000o\000r\000s}{appendix.C}% 46
