\BOOKMARK [0][-]{chapter*.2}{\376\377\000I\000n\000t\000r\000o\000d\000u\000c\000t\000i\000o\000n}{}% 1
\BOOKMARK [1][-]{section*.3}{\376\377\000A\000b\000o\000u\000t\000\040\000T\000h\000e\000s\000e\000\040\000N\000o\000t\000e\000s}{chapter*.2}% 2
\BOOKMARK [1][-]{section*.3}{\376\377\000D\000o\000c\000u\000m\000e\000n\000t\000\040\000C\000o\000n\000v\000e\000n\000t\000i\000o\000n\000s}{chapter*.2}% 3
\BOOKMARK [0][-]{chapter.1}{\376\377\000S\000t\000e\000l\000l\000a\000r\000\040\000P\000r\000o\000p\000e\000r\000t\000i\000e\000s\000\040\000a\000n\000d\000\040\000F\000o\000r\000m\000a\000t\000i\000o\000n}{}% 4
\BOOKMARK [1][-]{section.1.1}{\376\377\000O\000b\000s\000e\000r\000v\000a\000t\000i\000o\000n\000a\000l\000\040\000F\000o\000u\000n\000d\000a\000t\000i\000o\000n\000s}{chapter.1}% 5
\BOOKMARK [2][-]{subsection.1.1.1}{\376\377\000S\000p\000e\000c\000i\000f\000i\000c\000\040\000I\000n\000t\000e\000n\000s\000i\000t\000y\000,\000\040\000F\000l\000u\000x\000,\000\040\000a\000n\000d\000\040\000L\000u\000m\000i\000n\000o\000s\000i\000t\000y}{section.1.1}% 6
\BOOKMARK [2][-]{subsection.1.1.2}{\376\377\000M\000a\000g\000n\000i\000t\000u\000d\000e\000\040\000S\000y\000s\000t\000e\000m\000\040\000a\000n\000d\000\040\000D\000i\000s\000t\000a\000n\000c\000e\000\040\000M\000o\000d\000u\000l\000u\000s}{section.1.1}% 7
\BOOKMARK [2][-]{subsection.1.1.3}{\376\377\000P\000a\000r\000a\000l\000l\000a\000x\000\040\000a\000n\000d\000\040\000R\000a\000d\000i\000u\000s}{section.1.1}% 8
\BOOKMARK [1][-]{section.1.2}{\376\377\000B\000a\000s\000i\000c\000\040\000S\000t\000e\000l\000l\000a\000r\000\040\000P\000a\000r\000a\000m\000e\000t\000e\000r\000s}{chapter.1}% 9
\BOOKMARK [2][-]{subsection.1.2.1}{\376\377\000S\000u\000r\000f\000a\000c\000e\000\040\000T\000e\000m\000p\000e\000r\000a\000t\000u\000r\000e\000\040\000a\000n\000d\000\040\000B\000l\000a\000c\000k\000b\000o\000d\000y\000\040\000R\000a\000d\000i\000a\000t\000i\000o\000n}{section.1.2}% 10
\BOOKMARK [2][-]{subsection.1.2.2}{\376\377\000M\000a\000s\000s\000\040\000a\000n\000d\000\040\000M\000a\000i\000n\000-\000S\000e\000q\000u\000e\000n\000c\000e\000\040\000L\000i\000f\000e\000t\000i\000m\000e}{section.1.2}% 11
\BOOKMARK [1][-]{section.1.3}{\376\377\000F\000r\000o\000m\000\040\000I\000n\000t\000e\000r\000s\000t\000e\000l\000l\000a\000r\000\040\000C\000l\000o\000u\000d\000s\000\040\000t\000o\000\040\000P\000r\000o\000t\000o\000s\000t\000a\000r\000s}{chapter.1}% 12
\BOOKMARK [2][-]{subsection.1.3.1}{\376\377\000N\000e\000b\000u\000l\000a\000e\000\040\000a\000n\000d\000\040\000C\000o\000l\000l\000a\000p\000s\000e\000\040\000T\000r\000i\000g\000g\000e\000r\000s}{section.1.3}% 13
\BOOKMARK [2][-]{subsection.1.3.2}{\376\377\000S\000i\000m\000p\000l\000i\000f\000i\000e\000d\000\040\000C\000l\000o\000u\000d\000\040\000M\000o\000d\000e\000l\000\040\000a\000n\000d\000\040\000H\000y\000d\000r\000o\000s\000t\000a\000t\000i\000c\000\040\000B\000a\000l\000a\000n\000c\000e}{section.1.3}% 14
\BOOKMARK [1][-]{section.1.4}{\376\377\000V\000i\000r\000i\000a\000l\000\040\000T\000h\000e\000o\000r\000e\000m\000\040\000a\000n\000d\000\040\000J\000e\000a\000n\000s\000\040\000C\000r\000i\000t\000e\000r\000i\000o\000n}{chapter.1}% 15
\BOOKMARK [2][-]{subsection.1.4.1}{\376\377\000E\000n\000e\000r\000g\000e\000t\000i\000c\000s\000\040\000o\000f\000\040\000S\000e\000l\000f\000-\000G\000r\000a\000v\000i\000t\000a\000t\000i\000n\000g\000\040\000G\000a\000s}{section.1.4}% 16
\BOOKMARK [2][-]{subsection.1.4.2}{\376\377\000J\000e\000a\000n\000s\000\040\000I\000n\000s\000t\000a\000b\000i\000l\000i\000t\000y}{section.1.4}% 17
\BOOKMARK [2][-]{subsection.1.4.3}{\376\377\000F\000r\000a\000g\000m\000e\000n\000t\000a\000t\000i\000o\000n\000\040\000a\000n\000d\000\040\000E\000n\000d\000\040\000o\000f\000\040\000C\000o\000n\000t\000r\000a\000c\000t\000i\000o\000n}{section.1.4}% 18
\BOOKMARK [0][-]{chapter.2}{\376\377\000T\000h\000e\000r\000m\000o\000d\000y\000n\000a\000m\000i\000c\000s\000\040\000a\000n\000d\000\040\000E\000q\000u\000a\000t\000i\000o\000n\000\040\000o\000f\000\040\000S\000t\000a\000t\000e}{}% 19
\BOOKMARK [1][-]{section.2.1}{\376\377\000F\000i\000r\000s\000t\000\040\000L\000a\000w\000\040\000a\000n\000d\000\040\000H\000e\000a\000t\000\040\000C\000a\000p\000a\000c\000i\000t\000i\000e\000s}{chapter.2}% 20
\BOOKMARK [2][-]{subsection.2.1.1}{\376\377\000F\000u\000n\000d\000a\000m\000e\000n\000t\000a\000l\000\040\000I\000d\000e\000n\000t\000i\000t\000y}{section.2.1}% 21
\BOOKMARK [2][-]{subsection.2.1.2}{\376\377\000A\000d\000i\000a\000b\000a\000t\000i\000c\000,\000\040\000I\000s\000o\000c\000h\000o\000r\000i\000c\000,\000\040\000I\000s\000o\000b\000a\000r\000i\000c\000,\000\040\000I\000s\000o\000t\000h\000e\000r\000m\000a\000l\000\040\000P\000r\000o\000c\000e\000s\000s\000e\000s}{section.2.1}% 22
\BOOKMARK [1][-]{section.2.2}{\376\377\000E\000n\000t\000r\000o\000p\000y\000\040\000a\000n\000d\000\040\000T\000h\000e\000r\000m\000o\000d\000y\000n\000a\000m\000i\000c\000\040\000P\000o\000t\000e\000n\000t\000i\000a\000l\000s}{chapter.2}% 23
\BOOKMARK [2][-]{subsection.2.2.1}{\376\377\000E\000n\000t\000r\000o\000p\000y\000\040\000a\000n\000d\000\040\000F\000u\000n\000d\000a\000m\000e\000n\000t\000a\000l\000\040\000R\000e\000l\000a\000t\000i\000o\000n}{section.2.2}% 24
\BOOKMARK [2][-]{subsection.2.2.2}{\376\377\000H\000e\000l\000m\000h\000o\000l\000t\000z\000\040\000F\000r\000e\000e\000\040\000E\000n\000e\000r\000g\000y\000\040\000a\000n\000d\000\040\000M\000a\000x\000w\000e\000l\000l\000\040\000R\000e\000l\000a\000t\000i\000o\000n\000s}{section.2.2}% 25
\BOOKMARK [1][-]{section.2.3}{\376\377\000P\000h\000o\000t\000o\000n\000\040\000G\000a\000s\000\040\000a\000n\000d\000\040\000B\000l\000a\000c\000k\000b\000o\000d\000y\000\040\000R\000a\000d\000i\000a\000t\000i\000o\000n}{chapter.2}% 26
\BOOKMARK [2][-]{subsection.2.3.1}{\376\377\000P\000h\000o\000t\000o\000n\000\040\000S\000t\000a\000t\000i\000s\000t\000i\000c\000s\000\040\000a\000n\000d\000\040\000E\000O\000S}{section.2.3}% 27
\BOOKMARK [2][-]{subsection.2.3.2}{\376\377\000A\000d\000i\000a\000b\000a\000t\000i\000c\000\040\000E\000x\000p\000a\000n\000s\000i\000o\000n\000\040\000o\000f\000\040\000R\000a\000d\000i\000a\000t\000i\000o\000n}{section.2.3}% 28
\BOOKMARK [2][-]{subsection.2.3.3}{\376\377\000P\000l\000a\000n\000c\000k\000\040\000S\000p\000e\000c\000t\000r\000u\000m\000\040\000a\000n\000d\000\040\000S\000t\000e\000f\000a\000n\040\023\000B\000o\000l\000t\000z\000m\000a\000n\000n\000\040\000L\000a\000w}{section.2.3}% 29
\BOOKMARK [1][-]{section.2.4}{\376\377\000T\000h\000e\000r\000m\000o\000d\000y\000n\000a\000m\000i\000c\000s\000\040\000i\000n\000\040\000S\000t\000e\000l\000l\000a\000r\000\040\000I\000n\000t\000e\000r\000i\000o\000r\000s}{chapter.2}% 30
\BOOKMARK [2][-]{subsection.2.4.1}{\376\377\000G\000a\000s\000\040\000a\000n\000d\000\040\000R\000a\000d\000i\000a\000t\000i\000o\000n\000\040\000P\000r\000e\000s\000s\000u\000r\000e}{section.2.4}% 31
\BOOKMARK [2][-]{subsection.2.4.2}{\376\377\000E\000n\000e\000r\000g\000y\000\040\000T\000r\000a\000n\000s\000p\000o\000r\000t\000\040\000O\000v\000e\000r\000v\000i\000e\000w}{section.2.4}% 32
\BOOKMARK [1][-]{section.2.5}{\376\377\000E\000d\000d\000i\000n\000g\000t\000o\000n\000\040\000L\000u\000m\000i\000n\000o\000s\000i\000t\000y}{chapter.2}% 33
\BOOKMARK [0][-]{chapter.3}{\376\377\000S\000t\000e\000l\000l\000a\000r\000\040\000T\000e\000m\000p\000e\000r\000a\000t\000u\000r\000e\000\040\000a\000n\000d\000\040\000G\000a\000s\000\040\000S\000t\000a\000t\000i\000s\000t\000i\000c\000s}{}% 34
\BOOKMARK [1][-]{section.3.1}{\376\377\000C\000h\000a\000r\000a\000c\000t\000e\000r\000i\000s\000t\000i\000c\000\040\000S\000t\000e\000l\000l\000a\000r\000\040\000T\000e\000m\000p\000e\000r\000a\000t\000u\000r\000e\000s}{chapter.3}% 35
\BOOKMARK [2][-]{subsection.3.1.1}{\376\377\000I\000n\000t\000e\000r\000n\000a\000l\000\040\000T\000e\000m\000p\000e\000r\000a\000t\000u\000r\000e\000\040\000S\000c\000a\000l\000e}{section.3.1}% 36
\BOOKMARK [2][-]{subsection.3.1.2}{\376\377\000E\000f\000f\000e\000c\000t\000i\000v\000e\000\040\000S\000u\000r\000f\000a\000c\000e\000\040\000T\000e\000m\000p\000e\000r\000a\000t\000u\000r\000e}{section.3.1}% 37
\BOOKMARK [1][-]{section.3.2}{\376\377\000V\000a\000l\000i\000d\000i\000t\000y\000\040\000o\000f\000\040\000I\000d\000e\000a\000l\000-\000G\000a\000s\000\040\000A\000p\000p\000r\000o\000x\000i\000m\000a\000t\000i\000o\000n}{chapter.3}% 38
\BOOKMARK [2][-]{subsection.3.2.1}{\376\377\000I\000n\000t\000e\000r\000-\000p\000a\000r\000t\000i\000c\000l\000e\000\040\000D\000i\000s\000t\000a\000n\000c\000e\000\040\000a\000n\000d\000\040\000C\000o\000u\000l\000o\000m\000b\000\040\000S\000c\000a\000l\000e}{section.3.2}% 39
\BOOKMARK [2][-]{subsection.3.2.2}{\376\377\000V\000i\000r\000i\000a\000l\000\040\000E\000s\000t\000i\000m\000a\000t\000e\000\040\000f\000o\000r\000\040\000T\000h\000e\000r\000m\000a\000l\000\040\000E\000n\000e\000r\000g\000y}{section.3.2}% 40
\BOOKMARK [1][-]{section.3.3}{\376\377\000C\000l\000a\000s\000s\000i\000c\000a\000l\000\040\000a\000n\000d\000\040\000R\000e\000l\000a\000t\000i\000v\000i\000s\000t\000i\000c\000\040\000I\000d\000e\000a\000l\000\040\000G\000a\000s\000e\000s}{chapter.3}% 41
\BOOKMARK [2][-]{subsection.3.3.1}{\376\377\000E\000n\000e\000r\000g\000y\040\023\000P\000r\000e\000s\000s\000u\000r\000e\000\040\000R\000e\000l\000a\000t\000i\000o\000n\000s}{section.3.3}% 42
\BOOKMARK [2][-]{subsection.3.3.2}{\376\377\000M\000a\000x\000w\000e\000l\000l\040\023\000B\000o\000l\000t\000z\000m\000a\000n\000n\000\040\000L\000i\000m\000i\000t}{section.3.3}% 43
\BOOKMARK [1][-]{section.3.4}{\376\377\000Q\000u\000a\000n\000t\000u\000m\000\040\000S\000t\000a\000t\000i\000s\000t\000i\000c\000s\000\040\000a\000n\000d\000\040\000D\000e\000g\000e\000n\000e\000r\000a\000c\000y}{chapter.3}% 44
\BOOKMARK [2][-]{subsection.3.4.1}{\376\377\000F\000e\000r\000m\000i\040\023\000D\000i\000r\000a\000c\000\040\000a\000n\000d\000\040\000B\000o\000s\000e\040\023\000E\000i\000n\000s\000t\000e\000i\000n\000\040\000D\000i\000s\000t\000r\000i\000b\000u\000t\000i\000o\000n\000s}{section.3.4}% 45
\BOOKMARK [2][-]{subsection.3.4.2}{\376\377\000Q\000u\000a\000n\000t\000u\000m\000\040\000C\000r\000i\000t\000e\000r\000i\000o\000n}{section.3.4}% 46
\BOOKMARK [2][-]{subsection.3.4.3}{\376\377\000D\000e\000g\000e\000n\000e\000r\000a\000t\000e\000\040\000F\000e\000r\000m\000i\000\040\000G\000a\000s\000\040\000a\000t\000\040\000T\0000}{section.3.4}% 47
\BOOKMARK [0][-]{chapter.4}{\376\377\000N\000u\000c\000l\000e\000a\000r\000\040\000S\000y\000n\000t\000h\000e\000s\000i\000s\000\040\000i\000n\000\040\000S\000t\000a\000r\000s}{}% 48
\BOOKMARK [1][-]{section.4.1}{\376\377\000N\000u\000c\000l\000e\000a\000r\000\040\000B\000a\000s\000i\000c\000s}{chapter.4}% 49
\BOOKMARK [2][-]{subsection.4.1.1}{\376\377\000N\000u\000c\000l\000e\000a\000r\000\040\000S\000i\000z\000e\000\040\000a\000n\000d\000\040\000B\000i\000n\000d\000i\000n\000g\000\040\000E\000n\000e\000r\000g\000y}{section.4.1}% 50
\BOOKMARK [2][-]{subsection.4.1.2}{\376\377\000W\000h\000y\000\040\000F\000u\000s\000i\000o\000n\000\040\000P\000o\000w\000e\000r\000s\000\040\000S\000t\000a\000r\000s}{section.4.1}% 51
\BOOKMARK [1][-]{section.4.2}{\376\377\000H\000y\000d\000r\000o\000g\000e\000n\000\040\000a\000n\000d\000\040\000H\000e\000l\000i\000u\000m\000\040\000B\000u\000r\000n\000i\000n\000g}{chapter.4}% 52
\BOOKMARK [2][-]{subsection.4.2.1}{\376\377\000P\000r\000o\000t\000o\000n\040\023\000P\000r\000o\000t\000o\000n\000\040\000C\000h\000a\000i\000n}{section.4.2}% 53
\BOOKMARK [2][-]{subsection.4.2.2}{\376\377\000C\000N\000O\000\040\000C\000y\000c\000l\000e}{section.4.2}% 54
\BOOKMARK [2][-]{subsection.4.2.3}{\376\377\000T\000r\000i\000p\000l\000e\000-\000A\000l\000p\000h\000a\000\040\000P\000r\000o\000c\000e\000s\000s}{section.4.2}% 55
\BOOKMARK [1][-]{section.4.3}{\376\377\000B\000a\000r\000r\000i\000e\000r\000\040\000P\000e\000n\000e\000t\000r\000a\000t\000i\000o\000n\000\040\000a\000n\000d\000\040\000R\000e\000a\000c\000t\000i\000o\000n\000\040\000R\000a\000t\000e\000s}{chapter.4}% 56
\BOOKMARK [2][-]{subsection.4.3.1}{\376\377\000C\000o\000u\000l\000o\000m\000b\000\040\000B\000a\000r\000r\000i\000e\000r\000\040\000a\000n\000d\000\040\000T\000u\000n\000n\000e\000l\000i\000n\000g}{section.4.3}% 57
\BOOKMARK [2][-]{subsection.4.3.2}{\376\377\000T\000h\000e\000r\000m\000a\000l\000l\000y\000\040\000A\000v\000e\000r\000a\000g\000e\000d\000\040\000C\000r\000o\000s\000s\000\040\000S\000e\000c\000t\000i\000o\000n}{section.4.3}% 58
\BOOKMARK [2][-]{subsection.4.3.3}{\376\377\000T\000e\000m\000p\000e\000r\000a\000t\000u\000r\000e\000\040\000S\000e\000n\000s\000i\000t\000i\000v\000i\000t\000y}{section.4.3}% 59
\BOOKMARK [1][-]{section.4.4}{\376\377\000A\000d\000v\000a\000n\000c\000e\000d\000\040\000B\000u\000r\000n\000i\000n\000g\000\040\000a\000n\000d\000\040\000S\000t\000e\000l\000l\000a\000r\000\040\000E\000n\000d\000p\000o\000i\000n\000t\000s}{chapter.4}% 60
\BOOKMARK [2][-]{subsection.4.4.1}{\376\377\000L\000a\000t\000e\000\040\000B\000u\000r\000n\000i\000n\000g\000\040\000S\000t\000a\000g\000e\000s\000\040\000i\000n\000\040\000M\000a\000s\000s\000i\000v\000e\000\040\000S\000t\000a\000r\000s}{section.4.4}% 61
\BOOKMARK [2][-]{subsection.4.4.2}{\376\377\000N\000e\000u\000t\000r\000i\000n\000o\000\040\000C\000o\000o\000l\000i\000n\000g\000\040\000a\000n\000d\000\040\000R\000a\000p\000i\000d\000\040\000E\000v\000o\000l\000u\000t\000i\000o\000n}{section.4.4}% 62
\BOOKMARK [1][-]{section.4.5}{\376\377\000S\000o\000l\000a\000r\000\040\000N\000e\000u\000t\000r\000i\000n\000o\000\040\000P\000r\000o\000b\000l\000e\000m}{chapter.4}% 63
\BOOKMARK [0][-]{chapter.5}{\376\377\000S\000i\000m\000p\000l\000e\000\040\000S\000t\000e\000l\000l\000a\000r\000\040\000M\000o\000d\000e\000l\000s\000\040\000a\000n\000d\000\040\000C\000o\000m\000p\000a\000c\000t\000\040\000R\000e\000m\000n\000a\000n\000t\000s}{}% 64
\BOOKMARK [1][-]{section.5.1}{\376\377\000C\000o\000r\000e\000\040\000S\000t\000e\000l\000l\000a\000r\000\040\000S\000t\000r\000u\000c\000t\000u\000r\000e\000\040\000E\000q\000u\000a\000t\000i\000o\000n\000s}{chapter.5}% 65
\BOOKMARK [2][-]{subsection.5.1.1}{\376\377\000F\000o\000u\000r\000\040\000C\000o\000u\000p\000l\000e\000d\000\040\000O\000D\000E\000s}{section.5.1}% 66
\BOOKMARK [2][-]{subsection.5.1.2}{\376\377\000C\000l\000o\000s\000u\000r\000e\000\040\000R\000e\000l\000a\000t\000i\000o\000n\000s}{section.5.1}% 67
\BOOKMARK [1][-]{section.5.2}{\376\377\000E\000q\000u\000a\000t\000i\000o\000n\000s\000\040\000o\000f\000\040\000S\000t\000a\000t\000e\000\040\000a\000n\000d\000\040\000O\000p\000a\000c\000i\000t\000y}{chapter.5}% 68
\BOOKMARK [2][-]{subsection.5.2.1}{\376\377\000G\000a\000s\000,\000\040\000R\000a\000d\000i\000a\000t\000i\000o\000n\000,\000\040\000a\000n\000d\000\040\000D\000e\000g\000e\000n\000e\000r\000a\000c\000y\000\040\000P\000r\000e\000s\000s\000u\000r\000e}{section.5.2}% 69
\BOOKMARK [2][-]{subsection.5.2.2}{\376\377\000M\000e\000a\000n\000\040\000M\000o\000l\000e\000c\000u\000l\000a\000r\000\040\000W\000e\000i\000g\000h\000t}{section.5.2}% 70
\BOOKMARK [2][-]{subsection.5.2.3}{\376\377\000O\000p\000a\000c\000i\000t\000y\000\040\000a\000n\000d\000\040\000N\000u\000c\000l\000e\000a\000r\000\040\000H\000e\000a\000t\000i\000n\000g\000\040\000S\000c\000a\000l\000i\000n\000g\000s}{section.5.2}% 71
\BOOKMARK [1][-]{section.5.3}{\376\377\000A\000n\000a\000l\000y\000t\000i\000c\000\040\000S\000c\000a\000l\000i\000n\000g\000\040\000M\000o\000d\000e\000l\000s}{chapter.5}% 72
\BOOKMARK [2][-]{subsection.5.3.1}{\376\377\000P\000a\000r\000a\000m\000e\000t\000e\000r\000i\000z\000e\000d\000\040\000D\000e\000n\000s\000i\000t\000y\000\040\000P\000r\000o\000f\000i\000l\000e\000s}{section.5.3}% 73
\BOOKMARK [1][-]{section.5.4}{\376\377\000S\000t\000e\000l\000l\000a\000r\000\040\000M\000a\000s\000s\000\040\000L\000i\000m\000i\000t\000s}{chapter.5}% 74
\BOOKMARK [2][-]{subsection.5.4.1}{\376\377\000M\000i\000n\000i\000m\000u\000m\000\040\000M\000a\000s\000s\000\040\000f\000o\000r\000\040\000H\000y\000d\000r\000o\000g\000e\000n\000\040\000B\000u\000r\000n\000i\000n\000g}{section.5.4}% 75
\BOOKMARK [2][-]{subsection.5.4.2}{\376\377\000U\000p\000p\000e\000r\000\040\000M\000a\000s\000s\000\040\000a\000n\000d\000\040\000R\000a\000d\000i\000a\000t\000i\000o\000n\000\040\000S\000u\000p\000p\000o\000r\000t}{section.5.4}% 76
\BOOKMARK [1][-]{section.5.5}{\376\377\000C\000o\000m\000p\000a\000c\000t\000\040\000R\000e\000m\000n\000a\000n\000t\000s}{chapter.5}% 77
\BOOKMARK [2][-]{subsection.5.5.1}{\376\377\000W\000h\000i\000t\000e\000\040\000D\000w\000a\000r\000f\000s}{section.5.5}% 78
\BOOKMARK [2][-]{subsection.5.5.2}{\376\377\000C\000o\000o\000l\000i\000n\000g\000\040\000o\000f\000\040\000W\000h\000i\000t\000e\000\040\000D\000w\000a\000r\000f\000s}{section.5.5}% 79
\BOOKMARK [2][-]{subsection.5.5.3}{\376\377\000N\000e\000u\000t\000r\000o\000n\000\040\000S\000t\000a\000r\000s\000\040\000\050\000O\000v\000e\000r\000v\000i\000e\000w\000\051}{section.5.5}% 80
\BOOKMARK [0][-]{appendix.A}{\376\377\000D\000e\000c\000l\000a\000r\000a\000t\000i\000o\000n\000\040\000o\000f\000\040\000A\000I\000\040\000A\000s\000s\000i\000s\000t\000a\000n\000c\000e}{}% 81
\BOOKMARK [1][-]{section.A.1}{\376\377\000U\000s\000e\000\040\000o\000f\000\040\000A\000r\000t\000i\000f\000i\000c\000i\000a\000l\000\040\000I\000n\000t\000e\000l\000l\000i\000g\000e\000n\000c\000e\000\040\000i\000n\000\040\000T\000h\000i\000s\000\040\000D\000o\000c\000u\000m\000e\000n\000t}{appendix.A}% 82
\BOOKMARK [0][-]{appendix.B}{\376\377\000M\000a\000t\000h\000e\000m\000a\000t\000i\000c\000a\000l\000\040\000T\000o\000o\000l\000s\000\040\000\046\000\040\000D\000e\000r\000i\000v\000a\000t\000i\000o\000n\000s}{}% 83
\BOOKMARK [1][-]{section.B.1}{\376\377\000U\000s\000e\000f\000u\000l\000\040\000I\000d\000e\000n\000t\000i\000t\000i\000e\000s}{appendix.B}% 84
\BOOKMARK [1][-]{section.B.2}{\376\377\000D\000i\000f\000f\000e\000r\000e\000n\000t\000i\000a\000l\000\040\000G\000e\000o\000m\000e\000t\000r\000y\000\040\000P\000r\000i\000m\000e\000r}{appendix.B}% 85
\BOOKMARK [1][-]{section.B.3}{\376\377\000R\000e\000l\000a\000t\000i\000v\000i\000s\000t\000i\000c\000\040\000L\000i\000m\000i\000t\000s}{appendix.B}% 86
\BOOKMARK [0][-]{appendix.C}{\376\377\000C\000o\000n\000s\000t\000a\000n\000t\000s\000\040\000\046\000\040\000C\000o\000n\000v\000e\000r\000s\000i\000o\000n\000\040\000F\000a\000c\000t\000o\000r\000s}{}% 87
\BOOKMARK [1][-]{section.C.1}{\376\377\000P\000h\000y\000s\000i\000c\000a\000l\000\040\000C\000o\000n\000s\000t\000a\000n\000t\000s}{appendix.C}% 88
\BOOKMARK [1][-]{section.C.2}{\376\377\000C\000o\000n\000v\000e\000r\000s\000i\000o\000n\000\040\000F\000a\000c\000t\000o\000r\000s}{appendix.C}% 89
\BOOKMARK [1][-]{section.C.3}{\376\377\000S\000I\000\040\000U\000n\000i\000t\000\040\000P\000r\000e\000f\000i\000x\000e\000s}{appendix.C}% 90
\BOOKMARK [1][-]{section.C.4}{\376\377\000M\000a\000i\000n\000\040\000e\000v\000e\000n\000t\000s\000\040\000i\000n\000\040\000u\000n\000i\000v\000e\000r\000s\000e}{appendix.C}% 91
